06753000 42.40
06753001 42.40
06753005 42.00
06753010 41.20
06753020 41.20
06753030 41.40
06753040 41.80
06753050 42.40
06753060 42.60
06753070 42.60
06753080 , Falhou
06753085 42.60
06753090 42.20
06753100 42.20
06753105 41.80
06753110 42.00
06753115 42.00
06753120 42.00
06753130 42.20
06753135 42.00
06753140 42.20
06753145 47.20
06753150 42.20
06753160 42.40
06753170 42.60
06753180 42.60
06753190 60.60
06753195 43.00
06753200 42.80
06753210 42.60
06753220 42.40
06753230 43.00
06753235 43.00
06753240 43.00
06753250 43.00
06753260 43.00
06753270 42.60
06753280 43.60
06753290 43.00
06753300 43.20
06753305 43.00
06753310 43.20
06753320 43.20
06753325 43.20
06753330 43.40
06753340 43.40
06753350 43.00
06753360 43.40
06753370 43.40
06753380 42.60
06753390 42.40
06753400 42.40
06753410 43.00
06753420 44.60
06753430 44.00
06753435 44.00
06753437 44.00
06753440 43.40
06753450 43.60
06754000 46.80
06754005 48.00
06754010 48.20
06754020 47.40
06754030 47.00
06754040 47.40
06754050 47.80
06754060 48.20
06754070 47.40
06754080 46.40
06754090 46.20
06754100 44.00
06754110 49.40
06754120 50.00
06754130 50.00
06754140 48.80
06754145 49.20
06754150 48.80
06754160 49.40
06754170 50.40
06754180 44.20
06754190 47.60
06754200 48.00
06754210 48.20
06754220 48.00
06754900 47.60
06754901 47.40
06754902 48.20
06754903 48.20
06754904 48.20
06754905 48.00
06754906 46.40
06754907 46.60
06754908 49.00
06754909 49.00
06754910 43.40
06754959 48.40
06754970 48.40
06754999 48.40
06755000 43.60
06755010 43.80
06755020 44.20
06755025 44.40
06755030 44.00
06755040 43.80
06755050 43.80
06755060 44.00
06755065 44.40
06755070 45.80
06755080 42.80
06755090 43.20
06755100 43.40
06755110 43.60
06755120 43.00
06755130 43.00
06755140 42.80
06755150 42.80
06755160 43.40
06755175 44.60
06755180 44.00
06755185 49.80
06755187 44.20
06755190 43.20
06755225 44.40
06755230 44.20
06755240 44.00
06755255 51.40
06755260 44.20
06755270 44.60
06755275 44.60
06755280 45.00
06755290 45.00
06755300 44.80
06755310 44.80
06755320 45.00
06755325 45.00
06755327 44.80
06755330 44.80
06755335 44.00
06755350 44.20
06755360 44.20
06755370 44.40
06755380 45.80
06755385 44.60
06755390 44.20
06755405 45.60
06755410 61.20
06755430 45.20
06755440 44.80
06755450 49.80
06756000 50.40
06756010 51.20
06756015 51.60
06756020 50.20
06756030 51.20
06756040 51.40
06756050 51.20
06756060 51.20
06756070 51.80
06756080 51.60
06756090 52.00
06756100 51.80
06756110 52.20
06756120 46.40
06756130 48.00
06756140 48.20
06756150 47.00
06756160 46.80
06756170 46.80
06756180 46.20
06756190 52.00
06756200 45.40
06756210 45.80
06756220 45.40
06756230 45.20
06756240 51.80
06756250 47.20
06756260 45.40
06756270 51.40
06756280 45.60
06756290 45.60
06756300 50.80
06756310 63.40
06756320 50.00
06756330 53.00
06756340 52.00
06756350 51.40
06756360 51.20
06756370 51.20
06756380 50.80
06756390 51.40
06756400 52.00
06756410 52.00
06756420 52.00
06756430 52.40
06756440 52.40
06756450 53.00
06756460 51.60
06757000 51.80
06757010 52.60
06757020 53.20
06757030 46.80
06757040 47.40
06757050 52.40
06757060 52.40
06757070 52.20
06757080 52.60
06757090 51.80
06757100 51.80
06757110 51.60
06757120 51.80
06757125 52.80
06757130 51.80
06757140 51.80
06757150 51.60
06757160 51.60
06757170 52.60
06757175 52.80
06757180 52.60
06757190 47.20
06757200 48.60
06757210 47.40
06757220 47.80
06757230 53.60
06757240 47.60
06757250 48.20
06757260 47.80
06757270 47.60
06757280 47.40
06757290 52.80
06757300 53.80
06757310 53.80
06757640 , Falhou
06760000 54.60
06760010 54.60
06760020 54.80
06760025 54.60
06760030 48.80
06760040 49.00
06760050 49.20
06760060 49.20
06760070 49.40
06760080 49.60
06760090 49.40
06760100 49.00
06760900 50.80
06763000 43.00
06763010 43.60
06763015 43.60
06763020 44.00
06763030 44.00
06763040 45.80
06763050 43.60
06763055 44.20
06763060 44.40
06763070 49.40
06763080 48.80
06763090 42.40
06763100 48.60
06763110 42.60
06763120 48.80
06763130 49.00
06763140 52.80
06763150 49.20
06763160 49.00
06763170 48.20
06763180 49.00
06763190 48.40
06763200 49.20
06763210 49.00
06763220 49.00
06763230 48.40
06763240 48.00
06763250 44.40
06763260 48.80
06763265 48.60
06763270 49.20
06763280 43.40
06763290 43.40
06763300 43.20
06763310 43.60
06763320 44.20
06763330 50.20
06763340 44.00
06763350 43.40
06763360 49.60
06763370 49.80
06763380 50.00
06763385 49.80
06763390 50.20
06763400 49.80
06763420 49.80
06763450 47.60
06763460 47.80
06763462 47.00
06763470 48.00
06763480 48.00
06763490 48.40
06763495 48.20
06763500 41.60
06763900 43.80
06763901 43.80
06763902 47.80
06763959 48.40
06763970 48.40
06764000 44.00
06764005 49.20
06764010 44.00
06764020 44.20
06764030 45.00
06764040 44.80
06764045 45.20
06764050 44.80
06764060 44.60
06764070 44.40
06764080 44.60
06764090 45.00
06764100 45.20
06764110 45.00
06764115 44.80
06764120 44.20
06764130 44.20
06764140 44.00
06764145 44.00
06764160 45.20
06764170 43.80
06764180 45.20
06764190 45.60
06764200 44.20
06764220 45.20
06764230 45.00
06764250 45.20
06764260 45.00
06764270 45.00
06764280 50.20
06764290 44.80
06764300 50.00
06764310 49.80
06764320 50.00
06764330 50.00
06764340 50.20
06764350 50.80
06764355 51.40
06764360 51.00
06764365 51.20
06764370 51.00
06764375 51.00
06764380 50.80
06764390 50.60
06764395 50.80
06764400 50.60
06764410 50.80
06764420 50.40
06764425 50.80
06764430 51.00
06764431 50.40
06764435 50.80
06764440 51.40
06764445 51.40
06764450 51.20
06764460 51.00
06764470 51.80
06764480 51.60
06764485 51.60
06764490 51.40
06764900 50.40
06764901 49.80
06765000 51.60
06765001 51.60
06765010 48.60
06765020 52.00
06765030 51.80
06765040 52.00
06765050 52.20
06765060 52.40
06765070 50.00
06765080 48.60
06765084 50.20
06765085 48.60
06765090 46.40
06765095 50.00
06765098 48.60
06765100 46.20
06765105 49.80
06765110 46.60
06765120 46.80
06765130 48.00
06765140 47.00
06765150 53.80
06765160 53.60
06765165 53.80
06765170 47.40
06765175 47.20
06765180 47.00
06765185 54.40
06765190 46.60
06765195 47.20
06765200 47.00
06765210 49.80
06765215 51.20
06765220 51.20
06765230 46.40
06765235 46.60
06765240 46.40
06765250 49.80
06765260 51.20
06765270 53.40
06765280 49.40
06765290 55.40
06765300 49.40
06765305 48.60
06765307 48.40
06765310 55.20
06765312 48.60
06765315 48.60
06765317 55.20
06765320 55.20
06765330 47.00
06765340 48.80
06765350 54.40
06765360 55.20
06765370 47.60
06765380 48.20
06765390 47.00
06765400 48.20
06765410 48.40
06765420 50.80
06765430 48.80
06765440 54.60
06765450 53.60
06765460 54.00
06765465 54.00
06765470 53.80
06765480 49.40
06765490 54.40
06765500 54.20
06765510 53.80
06765520 53.60
06765900 50.00
06765901 48.60
06765902 48.80
06765903 48.40
06765904 47.80
06765970 55.00
06766000 53.00
06766010 49.60
06766015 48.60
06766020 48.60
06766025 54.20
06766030 50.00
06766040 49.00
06766050 54.20
06766060 54.20
06766070 54.40
06766073 54.00
06766080 48.60
06766090 48.60
06766100 51.00
06766110 49.80
06766120 53.00
06766123 52.40
06766125 53.00
06766127 52.40
06766130 51.00
06766135 49.60
06766140 51.40
06766150 51.40
06766160 50.40
06766163 75.40
06766165 52.40
06766167 43.40
06766170 49.20
06766173 52.40
06766175 43.60
06766177 52.40
06766180 55.40
06766183 52.40
06766185 52.40
06766190 51.00
06766191 52.40
06766192 50.20
06766195 52.40
06766200 51.20
06766210 49.80
06766220 49.80
06766230 50.00
06766240 50.20
06766250 49.20
06766260 51.60
06766270 52.20
06766280 53.20
06766290 50.20
06766300 51.60
06766310 52.20
06766320 52.20
06766330 50.00
06766340 49.60
06766350 49.20
06766360 50.20
06766361 50.20
06766365 52.40
06766370 55.60
06766380 49.80
06766390 52.40
06766400 50.00
06766410 55.40
06766415 50.00
06766420 55.00
06766430 55.20
06766440 52.40
06766445 52.40
06766450 52.40
06766455 54.20
06766460 58.20
06766465 44.60
06766470 52.40
06766475 52.40
06766480 52.40
06766485 52.40
06766490 52.40
06766495 52.40
06766500 49.40
06766505 52.40
06766510 52.40
06766515 52.40
06766520 52.40
06766525 52.40
06766530 51.00
06766535 52.40
06766540 52.40
06767000 51.00
06767010 51.40
06767020 51.80
06767030 51.00
06767040 50.40
06767050 50.60
06767060 50.60
06767070 52.40
06767080 50.80
06767090 51.00
06767100 52.60
06767110 51.20
06767120 52.20
06767130 51.80
06767135 52.20
06767140 52.00
06767150 51.60
06767160 51.60
06767170 52.00
06767180 52.80
06767190 51.40
06767200 51.40
06767210 61.20
06767220 49.40
06767225 56.20
06767230 50.40
06767240 50.40
06767250 56.00
06767260 56.20
06767270 50.40
06767280 51.40
06767281 52.60
06767290 57.20
06767300 57.00
06767310 51.00
06767320 50.60
06767330 56.60
06767340 51.80
06767350 57.00
06767360 51.00
06767380 57.00
06767385 56.60
06767390 55.80
06767900 49.00
06767901 49.40
06767902 50.40
06767910 50.20
06767959 50.20
06767971 50.20
06768000 , Falhou
06768100 , Falhou
06768200 , Falhou
06768900 51.60
06770000 50.40
06770010 50.60
06770020 50.60
06770030 50.60
06770040 55.40
06770050 50.80
06770060 55.60
06770070 51.00
06770080 51.00
06770095 57.60
06770100 50.80
06770105 53.40
06770110 50.80
06770120 57.00
06770130 51.60
06770135 50.60
06770140 57.60
06770150 51.80
06770160 51.80
06770170 52.40
06770175 51.80
06770180 58.20
06770190 58.40
06770200 58.80
06770210 59.00
06770220 58.80
06770230 55.80
06770235 56.20
06770240 50.20
06770250 50.40
06770260 56.20
06770270 56.00
06770280 55.80
06770290 56.20
06770300 56.20
06770303 56.80
06770305 59.20
06770310 55.40
06770320 55.60
06770330 55.40
06770340 56.00
06773000 54.40
06773010 54.40
06773020 60.00
06773025 60.00
06773030 54.60
06773040 52.80
06773050 59.00
06773060 59.60
06773080 59.80
06773090 54.40
06773100 53.80
06773110 55.00
06773120 59.80
06773130 59.40
06773140 59.60
06773150 59.60
06773160 59.40
06773170 59.20
06773180 59.20
06773185 59.60
06773190 57.80
06773200 53.20
06773210 53.20
06773220 54.00
06773230 54.20
06773240 53.00
06773250 52.20
06773260 52.40
06773270 53.00
06773280 52.80
06773290 52.60
06773300 53.60
06773310 52.80
06773320 53.60
06773330 53.40
06773340 53.60
06773350 53.40
06773360 52.80
06773370 52.80
06773380 52.60
06773390 52.20
06773400 53.00
06773913 , Falhou
06773914 , Falhou
06774000 57.40
06774005 57.60
06774008 58.00
06774010 57.60
06774020 58.00
06774030 57.80
06774040 57.80
06774050 58.00
06774060 58.20
06774070 58.20
06774080 57.40
06774085 57.20
06774090 57.20
06774095 63.80
06774100 57.40
06774110 53.80
06774120 57.20
06774130 53.60
06774140 57.00
06774150 57.20
06774160 57.20
06774170 58.20
06774180 58.00
06774190 58.00
06774200 58.00
06774210 58.20
06774220 58.20
06774230 58.20
06774240 58.40
06774250 58.20
06774255 58.40
06774260 58.60
06774270 58.40
06774280 58.80
06774290 58.60
06774300 55.40
06774310 59.00
06774315 59.20
06774330 58.80
06774340 59.20
06775000 52.60
06775001 52.60
06775002 52.60
06775003 52.60
06775004 50.00
06775005 51.40
06775010 52.40
06775020 52.60
06775030 52.40
06775040 52.80
06775050 52.80
06775060 52.80
06775070 53.00
06775080 52.60
06775090 52.80
06775100 53.00
06775110 53.20
06775120 53.00
06775130 53.20
06775140 53.20
06775150 53.00
06775151 52.40
06775160 52.60
06775180 51.00
06775190 52.60
06775200 52.20
06775210 52.40
06775220 51.20
06775230 52.00
06775240 52.00
06775250 52.20
06775260 51.80
06775270 58.20
06775280 54.60
06775290 54.40
06775300 54.60
06775310 53.60
06775320 53.60
06775330 53.60
06775340 53.80
06775350 53.80
06775360 53.80
06775370 53.80
06775380 53.80
06775390 52.80
06775395 53.60
06775400 53.60
06775410 53.40
06775420 53.40
06775430 53.20
06775440 53.40
06775450 53.00
06775460 53.00
06775463 53.60
06775470 53.40
06775490 54.60
06775500 54.40
06775510 54.80
06775520 55.00
06775530 54.80
06775540 58.00
06775959 60.20
06775970 60.20
06780000 52.80
06780010 51.20
06780020 51.40
06780030 51.60
06780040 52.80
06780050 52.40
06780060 51.60
06780070 51.60
06780080 51.80
06780090 52.80
06780100 51.20
06780110 51.80
06780120 52.00
06780130 52.20
06780140 52.20
06780150 51.60
06780160 52.00
06780170 52.00
06780180 51.60
06780190 51.40
06780200 51.40
06780210 51.20
06780220 51.40
06780235 51.40
06780240 51.20
06780245 52.00
06780250 51.40
06780260 51.40
06780270 51.80
06780280 51.80
06780290 52.40
06780300 28.80
06780900 52.40
06783005 51.40
06783010 50.80
06783020 50.80
06783025 54.00
06783030 51.40
06783040 54.00
06783045 53.60
06783050 53.80
06783055 54.00
06783060 51.00
06783070 52.00
06783080 52.60
06783090 52.60
06783091 53.00
06783095 52.80
06783100 52.80
06783110 53.00
06783115 53.20
06783120 54.00
06783125 52.40
06783130 52.40
06783140 52.60
06783150 52.20
06783160 52.60
06783170 52.80
06783180 52.60
06783190 53.60
06783195 55.00
06783200 52.40
06783205 53.00
06783210 52.40
06783220 52.60
06783230 53.00
06783240 53.60
06783250 18.00
06783260 53.60
06783270 53.80
06783280 52.40
06783285 53.80
06783290 54.60
06783300 54.80
06783310 52.60
06783315 54.40
06783320 53.40
06783330 54.60
06783340 52.60
06783350 52.80
06783360 53.00
06783370 52.80
06783380 52.80
06783390 52.80
06783400 53.80
06783410 53.00
06783420 52.20
06783430 53.80
06783440 52.20
06783450 52.80
06783610 , Falhou
06784000 53.00
06784005 54.00
06784010 53.80
06784020 53.60
06784030 53.40
06784040 53.00
06784050 53.20
06784051 53.00
06784055 53.00
06784060 53.20
06784070 53.00
06784080 53.00
06784085 61.60
06784090 54.60
06784100 76.60
06784110 55.20
06784122 55.40
06784130 54.60
06784135 54.20
06784137 54.40
06784140 55.20
06784150 54.60
06784160 53.40
06784170 53.40
06784180 54.40
06784185 54.60
06784190 62.00
06784200 55.20
06784210 55.20
06784220 55.60
06784240 54.20
06784250 54.20
06784260 55.80
06784262 55.60
06784264 55.60
06784270 54.60
06784275 54.00
06784278 54.80
06784280 54.40
06784282 55.00
06784283 55.00
06784284 55.20
06784285 55.00
06784286 55.40
06784287 54.80
06784288 54.00
06784289 54.40
06784290 54.60
06784292 53.80
06784293 53.80
06784295 54.00
06784297 55.00
06784298 54.00
06784299 53.80
06784300 54.00
06784310 54.00
06784320 54.80
06784330 55.20
06784335 53.80
06784340 54.80
06784350 55.20
06784360 53.60
06784370 54.80
06784380 53.40
06784390 53.40
06784391 53.20
06784392 53.00
06784393 53.00
06784394 53.00
06784395 53.20
06784397 53.40
06784400 53.20
06784405 53.00
06784410 53.60
06784420 54.60
06784422 54.60
06784424 53.60
06784426 54.40
06784428 54.60
06784430 54.40
06784432 54.80
06784434 55.00
06784436 54.60
06784440 52.00
06784450 52.00
06784460 52.00
06784470 52.00
06784480 52.00
06784490 52.20
06784500 52.20
06784510 53.60
06784520 52.20
06784530 52.20
06784535 52.60
06784540 52.60
06784545 52.80
06784550 52.60
06784555 52.20
06784560 52.80
06784570 52.60
06784580 52.80
06784590 53.00
06784600 53.00
06784610 52.20
06784620 52.40
06784630 53.00
06784640 53.00
06784650 52.40
06784655 52.40
06784660 52.80
06784665 52.20
06785000 56.00
06785010 56.40
06785020 56.20
06785030 56.40
06785040 56.00
06785045 55.00
06785050 56.60
06785060 56.00
06785070 55.40
06785080 55.40
06785090 55.60
06785095 55.40
06785100 55.40
06785110 55.40
06785120 56.00
06785130 56.00
06785140 55.80
06785145 55.80
06785150 55.40
06785160 55.20
06785170 54.40
06785180 55.40
06785190 55.20
06785200 55.20
06785210 55.40
06785220 55.60
06785230 55.60
06785240 55.60
06785250 55.80
06785260 55.80
06785270 55.80
06785280 56.00
06785290 56.40
06785300 57.60
06785310 56.60
06785320 56.00
06785330 47.20
06785340 54.20
06785345 55.00
06785350 55.80
06785360 57.80
06785370 55.60
06785380 54.20
06785390 57.40
06785400 57.40
06785410 57.80
06785500 57.60
06785510 58.60
06785520 56.80
06785525 57.00
06785530 56.80
06786000 56.80
06786005 57.60
06786010 56.00
06786020 56.60
06786030 58.80
06786040 58.60
06786050 57.20
06786055 57.20
06786057 56.00
06786060 57.00
06786070 56.20
06786075 57.80
06786080 56.40
06786090 56.80
06786100 56.40
06786110 57.40
06786120 56.20
06786130 56.40
06786140 56.60
06786150 56.00
06786160 56.00
06786170 55.80
06786175 56.00
06786180 56.40
06786190 56.40
06786200 56.60
06786210 55.60
06786220 56.00
06786230 55.80
06786240 55.40
06786250 55.40
06786260 56.60
06786270 56.20
06786275 56.80
06786280 56.80
06786285 56.80
06786290 56.80
06786298 56.20
06786300 56.40
06786305 54.60
06786310 56.40
06786320 56.00
06786330 56.20
06786340 56.20
06786350 56.00
06786360 55.80
06786370 55.40
06786380 55.80
06786390 56.80
06786395 56.80
06786400 55.60
06786410 55.40
06786420 55.80
06786430 55.60
06786440 55.80
06786441 56.20
06786443 55.80
06786445 56.20
06786447 56.00
06786449 56.20
06786450 55.00
06786460 57.40
06786470 56.60
06786480 56.40
06786485 56.60
06786490 55.20
06786495 55.00
06786500 55.20
06786510 56.20
06786515 56.00
06786520 56.40
06786550 56.80
06786553 57.00
06786555 57.00
06786558 57.20
06786560 57.40
06786563 57.20
06786565 57.00
06786568 57.00
06786570 57.40
06786575 57.20
06787000 55.00
06787010 55.40
06787020 54.60
06787030 55.20
06787040 55.00
06787050 55.40
06787060 55.20
06787070 55.20
06787080 55.20
06787090 55.80
06787100 55.00
06787110 54.60
06787120 55.80
06787130 38.00
06787140 55.60
06787150 66.00
06787160 54.20
06787170 55.00
06787180 50.80
06787190 43.80
06787200 55.80
06787210 49.60
06787220 55.00
06787230 64.20
06787240 55.40
06787250 53.40
06787260 55.60
06787270 51.60
06787280 55.00
06787290 54.00
06787300 54.00
06787310 53.80
06787320 53.20
06787330 53.40
06787340 53.60
06787350 53.20
06787360 53.40
06787370 54.60
06787380 53.40
06787385 53.40
06787390 53.20
06787400 54.00
06787410 54.00
06787420 54.20
06787430 61.60
06787440 62.60
06787450 55.00
06787460 62.00
06787470 62.60
06787480 60.80
06787500 62.60
06787505 62.60
06787510 62.80
06787515 62.60
06787520 63.00
06787525 62.80
06787530 63.00
06787535 63.20
06787540 63.20
06787545 63.00
06787547 63.00
06787550 63.20
06787555 63.20
06787560 63.40
06787565 63.40
06787570 63.60
06787575 63.20
06787580 63.40
06787585 63.00
06787590 63.20
06787595 63.00
06787600 63.00
06787605 62.40
06787610 62.80
06787615 62.40
06787620 62.20
06787623 62.20
06787625 62.20
06787627 62.20
06787630 62.40
06787635 62.60
06787640 62.60
06787645 62.60
06787650 63.00
06787655 62.80
06787660 62.80
06787665 63.00
06787670 62.20
06787675 62.60
06787680 63.00
06790000 56.60
06790010 56.80
06790020 57.40
06790030 56.80
06790040 62.60
06790050 57.40
06790060 68.80
06790070 57.80
06790080 58.20
06790090 58.40
06790100 58.60
06790110 57.80
06790120 57.80
06790130 58.00
06790140 57.80
06790150 57.20
06790160 57.40
06790170 58.20
06790175 58.00
06790180 58.40
06790190 56.60
06790200 57.20
06790210 56.60
06790220 56.20
06790230 56.20
06790240 56.40
06790250 56.60
06790260 56.80
06790270 57.00
06790280 57.00
06790285 58.60
06790290 57.40
06790300 57.60
06790310 57.80
06790350 58.60
06790355 58.60
06790360 56.80
06793000 , Falhou
06793010 59.00
06793100 , Falhou
06793200 , Falhou
06793243 , Falhou
06793900 55.40
06794000 61.60
06794020 62.80
06794030 62.00
06794040 62.00
06794050 60.40
06794060 61.80
06794070 60.20
06794080 62.20
06794090 61.80
06794100 61.40
06794110 61.60
06794120 62.00
06794130 62.00
06795000 58.00
06795005 59.40
06795006 58.80
06795010 59.00
06795020 58.60
06795030 59.00
06795040 59.40
06795050 59.40
06795060 59.20
06795070 61.00
06797999 , Falhou
06799899 58.60
SUCESSO NA GRAVACAO: cotacao.txt
SUCESSO NA GRAVACAO: latlong.txt
Traceback (most recent call last):
  File "cotacao.py", line 175, in <module>
    consulta_location()
  File "cotacao.py", line 64, in consulta_location
    enviar_email()
  File "cotacao.py", line 171, in enviar_email
    s.login(msg['From'], password)
  File "/usr/lib/python3.8/smtplib.py", line 743, in login
    raise last_exception
  File "/usr/lib/python3.8/smtplib.py", line 732, in login
    (code, resp) = self.auth(
  File "/usr/lib/python3.8/smtplib.py", line 655, in auth
    raise SMTPAuthenticationError(code, resp)
smtplib.SMTPAuthenticationError: (534, b'5.7.14 <https://accounts.google.com/signin/continue?sarp=1&scc=1&plt=AKgnsbs\n5.7.14 5P3WdFI49fALJfzbiPqtopkZ0GpJx4Och3ofzGzRlcAXF4pQIr6IVnMhigL2-f0WojAh8\n5.7.14 SUUUs0TYs1zuBKMJLWXOl8N4fUEJ5BVneLx6OmgWv9tQmQN37HSAsDYMo4ywjQ5g>\n5.7.14 Please log in via your web browser and then try again.\n5.7.14  Learn more at\n5.7.14  https://support.google.com/mail/answer/78754 t201-20020a37aad2000000b0067b314c0ff3sm4818690qke.43 - gsmtp')
